[32minfo[39m: 🚀 Server running on port 3001 {"service":"feedback-intelligence-api","timestamp":"2025-09-24T19:36:03.898Z"}
[32minfo[39m: 📊 Environment: development {"service":"feedback-intelligence-api","timestamp":"2025-09-24T19:36:03.901Z"}
🌐 CORS Debug: {
  origin: undefined,
  method: 'GET',
  url: '/api/insights/dashboard/412ac63f-91be-4f26-bf66-2de7b9158126?timeframe=30d',
  allowedOrigins: [ 'http://localhost:3000', 'http://localhost:3001' ]
}
[32minfo[39m: GET /api/insights/dashboard/412ac63f-91be-4f26-bf66-2de7b9158126 {"ip":"::1","service":"feedback-intelligence-api","timestamp":"2025-09-24T19:36:11.213Z","userAgent":"curl/8.7.1"}
[32minfo[39m: Getting dashboard data {"productId":"412ac63f-91be-4f26-bf66-2de7b9158126","service":"feedback-intelligence-api","timeframe":"30d","timestamp":"2025-09-24T19:36:11.216Z"}
🌐 CORS Debug: {
  origin: 'http://localhost:3000',
  method: 'GET',
  url: '/api/insights/dashboard/412ac63f-91be-4f26-bf66-2de7b9158126?timeframe=30d',
  allowedOrigins: [ 'http://localhost:3000', 'http://localhost:3001' ]
}
[32minfo[39m: GET /api/insights/dashboard/412ac63f-91be-4f26-bf66-2de7b9158126 {"ip":"::1","service":"feedback-intelligence-api","timestamp":"2025-09-24T19:36:43.981Z","userAgent":"Mozilla/5.0 (Macintosh; Intel Mac OS X 10_15_7) AppleWebKit/605.1.15 (KHTML, like Gecko) Version/18.6 Safari/605.1.15"}
[32minfo[39m: Getting dashboard data {"productId":"412ac63f-91be-4f26-bf66-2de7b9158126","service":"feedback-intelligence-api","timeframe":"30d","timestamp":"2025-09-24T19:36:43.986Z"}
🌐 CORS Debug: {
  origin: 'http://localhost:3000',
  method: 'GET',
  url: '/api/insights/clusters/412ac63f-91be-4f26-bf66-2de7b9158126?timeframe=30d',
  allowedOrigins: [ 'http://localhost:3000', 'http://localhost:3001' ]
}
[32minfo[39m: GET /api/insights/clusters/412ac63f-91be-4f26-bf66-2de7b9158126 {"ip":"::1","service":"feedback-intelligence-api","timestamp":"2025-09-24T19:36:44.198Z","userAgent":"Mozilla/5.0 (Macintosh; Intel Mac OS X 10_15_7) AppleWebKit/605.1.15 (KHTML, like Gecko) Version/18.6 Safari/605.1.15"}
[32minfo[39m: Getting thematic clusters {"minClusterSize":5,"productId":"412ac63f-91be-4f26-bf66-2de7b9158126","service":"feedback-intelligence-api","timeframe":"30d","timestamp":"2025-09-24T19:36:44.199Z"}
[31merror[39m: Clusters endpoint error {"error":"Cannot read properties of undefined (reading 'slice')","service":"feedback-intelligence-api","timestamp":"2025-09-24T19:36:44.350Z"}
🌐 CORS Debug: {
  origin: undefined,
  method: 'GET',
  url: '/api/insights/dashboard/412ac63f-91be-4f26-bf66-2de7b9158126',
  allowedOrigins: [ 'http://localhost:3000', 'http://localhost:3001' ]
}
[32minfo[39m: GET /api/insights/dashboard/412ac63f-91be-4f26-bf66-2de7b9158126 {"ip":"::1","service":"feedback-intelligence-api","timestamp":"2025-09-24T19:39:55.900Z","userAgent":"curl/8.7.1"}
[32minfo[39m: Getting dashboard data {"productId":"412ac63f-91be-4f26-bf66-2de7b9158126","service":"feedback-intelligence-api","timeframe":"30d","timestamp":"2025-09-24T19:39:55.902Z"}
node:events:486
      throw er; // Unhandled 'error' event
      ^

Error: listen EADDRINUSE: address already in use :::3001
    at Server.setupListenHandle [as _listen2] (node:net:1940:16)
    at listenInCluster (node:net:1997:12)
    at Server.listen (node:net:2102:7)
    at app.listen (/Users/kwabena/Desktop/scraper/backend/node_modules/express/lib/application.js:635:24)
    at Object.<anonymous> (/Users/kwabena/Desktop/scraper/backend/server.js:105:5)
    at Module._compile (node:internal/modules/cjs/loader:1738:14)
    at Object..js (node:internal/modules/cjs/loader:1871:10)
    at Module.load (node:internal/modules/cjs/loader:1470:32)
    at Module._load (node:internal/modules/cjs/loader:1290:12)
    at TracingChannel.traceSync (node:diagnostics_channel:322:14)
Emitted 'error' event on Server instance at:
    at emitErrorNT (node:net:1976:8)
    at process.processTicksAndRejections (node:internal/process/task_queues:90:21) {
  code: 'EADDRINUSE',
  errno: -48,
  syscall: 'listen',
  address: '::',
  port: 3001
}

Node.js v24.6.0
